<?xml version="1.0" encoding="UTF-8"?>
<!-- Generated by org.testng.reporters.JUnitXMLReporter -->
<testsuite hostname="192.168.1.4" ignored="0" name="Regression" tests="9" failures="0" timestamp="2020-05-05T15:50:10 IST" time="7.606" errors="0">
  <testcase name="getResponseBody" time="4.505" classname="RestTest.RestAssuredTest"/>
  <testcase name="nestedJsonObjectResponseContent" time="1.123" classname="RestTest.RestAssuredTest"/>
  <testcase name="nestedJsonObjectResponseContentContains" time="0.191" classname="RestTest.RestAssuredTest"/>
  <testcase name="responseBodyfilters" time="0.312" classname="RestTest.RestAssuredTest"/>
  <testcase name="testResponseContent" time="0.15" classname="RestTest.RestAssuredTest"/>
  <testcase name="testStatusCode" time="0.139" classname="RestTest.RestAssuredTest"/>
  <testcase name="useHeaderReuest" time="0.238" classname="RestTest.RestAssuredTest"/>
  <testcase name="getResponseBody" time="0.576" classname="RestTest.RestAssuredTest2API"/>
  <testcase name="testStatusCode" time="0.287" classname="RestTest.RestAssuredTest2API"/>
</testsuite> <!-- Regression -->
