<?xml version="1.0" encoding="UTF-8"?>
<!-- Generated by org.testng.reporters.JUnitXMLReporter -->
<testsuite hostname="anujas-mbp" ignored="0" name="Regression" tests="9" failures="0" timestamp="2020-05-09T23:58:19 IST" time="8.518" errors="0">
  <testcase name="getResponseBody" time="5.456" classname="RestTest.RestAssuredTest"/>
  <testcase name="nestedJsonObjectResponseContent" time="1.086" classname="RestTest.RestAssuredTest"/>
  <testcase name="nestedJsonObjectResponseContentContains" time="0.158" classname="RestTest.RestAssuredTest"/>
  <testcase name="responseBodyfilters" time="0.295" classname="RestTest.RestAssuredTest"/>
  <testcase name="testResponseContent" time="0.141" classname="RestTest.RestAssuredTest"/>
  <testcase name="testStatusCode" time="0.116" classname="RestTest.RestAssuredTest"/>
  <testcase name="useHeaderReuest" time="0.112" classname="RestTest.RestAssuredTest"/>
  <testcase name="getResponseBody" time="0.78" classname="RestTest.RestAssuredTest2API"/>
  <testcase name="testStatusCode" time="0.27" classname="RestTest.RestAssuredTest2API"/>
</testsuite> <!-- Regression -->
