<?xml version="1.0" encoding="UTF-8"?>
<testsuite xmlns:xsi="http://www.w3.org/2001/XMLSchema-instance" xsi:noNamespaceSchemaLocation="https://maven.apache.org/surefire/maven-surefire-plugin/xsd/surefire-test-report-3.0.xsd" version="3.0" name="TestSuite" time="9.371" tests="9" errors="0" skipped="0" failures="0">
  <properties>
[...]
</properties>
  <testcase name="getResponseBody" classname="RestTest.RestAssuredTest" time="4.509"/>
  <testcase name="nestedJsonObjectResponseContent" classname="RestTest.RestAssuredTest" time="1.122"/>
  <testcase name="nestedJsonObjectResponseContentContains" classname="RestTest.RestAssuredTest" time="0.191"/>
  <testcase name="responseBodyfilters" classname="RestTest.RestAssuredTest" time="0.312"/>
  <testcase name="testResponseContent" classname="RestTest.RestAssuredTest" time="0.144"/>
  <testcase name="testStatusCode" classname="RestTest.RestAssuredTest" time="0.14"/>
  <testcase name="useHeaderReuest" classname="RestTest.RestAssuredTest" time="0.239"/>
  <testcase name="getResponseBody" classname="RestTest.RestAssuredTest2API" time="0.577"/>
  <testcase name="testStatusCode" classname="RestTest.RestAssuredTest2API" time="0.287"/>
</testsuite>